2020-10-27 18:32:23,664:INFO:setting login settings: {}
2020-10-27 18:32:23,696:INFO:setting login settings: {}
2020-10-27 18:32:27,326:INFO:Set random seed=230
2020-10-27 18:32:27,329:INFO:- done
2020-10-27 18:32:27,330:INFO:Set random seed=230
2020-10-27 18:32:27,332:INFO:- done
2020-10-27 18:32:27,398:INFO:Loading the datasets...
2020-10-27 18:32:27,408:INFO:Loading the datasets...
2020-10-27 18:35:55,148:INFO:setting login settings: {}
2020-10-27 18:35:55,266:INFO:setting login settings: {}
2020-10-27 18:35:57,846:INFO:Set random seed=230
2020-10-27 18:35:57,849:INFO:- done
2020-10-27 18:35:57,856:INFO:Set random seed=230
2020-10-27 18:35:57,858:INFO:- done
2020-10-27 18:35:58,909:INFO:Loading the datasets...
2020-10-27 18:35:58,910:INFO:Loading the datasets...
2020-10-27 18:37:34,427:INFO:setting login settings: {}
2020-10-27 18:37:34,486:INFO:setting login settings: {}
2020-10-27 18:37:38,302:INFO:Set random seed=230
2020-10-27 18:37:38,305:INFO:- done
2020-10-27 18:37:38,306:INFO:Set random seed=230
2020-10-27 18:37:38,308:INFO:- done
2020-10-27 18:37:39,365:INFO:Loading the datasets...
2020-10-27 18:37:39,366:INFO:Loading the datasets...
2020-10-27 18:37:39,374:INFO:- done
2020-10-27 18:37:39,375:INFO:Define model and optimizer...
2020-10-27 18:37:39,376:INFO:- done
2020-10-27 18:37:39,376:INFO:Define model and optimizer...
2020-10-27 18:38:40,616:INFO:setting login settings: {}
2020-10-27 18:38:40,639:INFO:setting login settings: {}
2020-10-27 18:38:44,451:INFO:Set random seed=230
2020-10-27 18:38:44,453:INFO:Set random seed=230
2020-10-27 18:38:44,453:INFO:- done
2020-10-27 18:38:44,456:INFO:- done
2020-10-27 18:38:45,519:INFO:Loading the datasets...
2020-10-27 18:38:45,522:INFO:Loading the datasets...
2020-10-27 18:38:45,531:INFO:- done
2020-10-27 18:38:45,531:INFO:Define model and optimizer...
2020-10-27 18:38:45,532:INFO:- done
2020-10-27 18:38:45,532:INFO:Define model and optimizer...
2020-10-27 18:38:48,319:INFO:using apex synced BN
2020-10-27 18:38:48,322:INFO:using apex fp16, opt_level=O1, keep_batchnorm_fp32=True
2020-10-27 18:38:48,334:INFO:using apex synced BN
2020-10-27 18:38:48,337:INFO:using apex fp16, opt_level=O1, keep_batchnorm_fp32=True
2020-10-27 18:41:09,582:INFO:setting login settings: {}
2020-10-27 18:41:09,627:INFO:setting login settings: {}
2020-10-27 18:41:11,567:INFO:Set random seed=230
2020-10-27 18:41:11,570:INFO:- done
2020-10-27 18:41:11,581:INFO:Set random seed=230
2020-10-27 18:41:11,583:INFO:- done
2020-10-27 18:41:11,626:INFO:Loading the datasets...
2020-10-27 18:41:11,633:INFO:- done
2020-10-27 18:41:11,633:INFO:Define model and optimizer...
2020-10-27 18:41:11,636:INFO:Loading the datasets...
2020-10-27 18:41:11,647:INFO:- done
2020-10-27 18:41:11,648:INFO:Define model and optimizer...
2020-10-27 18:41:14,299:INFO:using apex synced BN
2020-10-27 18:41:14,302:INFO:using apex fp16, opt_level=O1, keep_batchnorm_fp32=True
2020-10-27 18:41:14,376:INFO:using apex synced BN
2020-10-27 18:41:14,380:INFO:using apex fp16, opt_level=O1, keep_batchnorm_fp32=True
2020-10-27 18:49:00,355:INFO:setting login settings: {}
2020-10-27 18:49:00,575:INFO:setting login settings: {}
2020-10-27 18:49:04,211:INFO:Set random seed=230
2020-10-27 18:49:04,214:INFO:- done
2020-10-27 18:49:04,216:INFO:Set random seed=230
2020-10-27 18:49:04,218:INFO:- done
2020-10-27 18:49:04,285:INFO:Loading the datasets...
2020-10-27 18:49:04,285:INFO:Loading the datasets...
2020-10-27 18:49:04,293:INFO:- done
2020-10-27 18:49:04,294:INFO:Define model and optimizer...
2020-10-27 18:49:04,294:INFO:- done
2020-10-27 18:49:04,294:INFO:Define model and optimizer...
2020-10-27 18:49:06,991:INFO:using apex synced BN
2020-10-27 18:49:06,994:INFO:using apex fp16, opt_level=O1, keep_batchnorm_fp32=True
2020-10-27 18:49:06,998:WARNING:Process rank: 0, device: cuda:0, n_gpu: 2, distributed training: True
2020-10-27 18:49:07,009:INFO:using apex synced BN
2020-10-27 18:49:07,013:INFO:using apex fp16, opt_level=O1, keep_batchnorm_fp32=True
2020-10-27 18:49:07,017:WARNING:Process rank: 1, device: cuda:1, n_gpu: 2, distributed training: True
2020-10-27 18:50:11,434:INFO:setting login settings: {}
2020-10-27 18:50:11,487:INFO:setting login settings: {}
2020-10-27 18:50:13,943:INFO:Set random seed=230
2020-10-27 18:50:13,945:INFO:- done
2020-10-27 18:50:13,951:INFO:Set random seed=230
2020-10-27 18:50:13,954:INFO:- done
2020-10-27 18:50:15,010:INFO:Loading the datasets...
2020-10-27 18:50:15,014:INFO:Loading the datasets...
2020-10-27 18:50:15,019:INFO:- done
2020-10-27 18:50:15,019:INFO:Define model and optimizer...
2020-10-27 18:50:15,023:INFO:- done
2020-10-27 18:50:15,024:INFO:Define model and optimizer...
2020-10-27 18:50:17,881:INFO:using apex synced BN
2020-10-27 18:50:17,884:INFO:using apex fp16, opt_level=O1, keep_batchnorm_fp32=True
2020-10-27 18:50:17,889:WARNING:Process rank: 1, device: cuda:1, n_gpu: 2, distributed training: True
2020-10-27 18:50:17,927:INFO:using apex synced BN
2020-10-27 18:50:17,930:INFO:using apex fp16, opt_level=O1, keep_batchnorm_fp32=True
2020-10-27 18:50:17,935:WARNING:Process rank: 0, device: cuda:0, n_gpu: 2, distributed training: True
2020-10-27 18:54:59,897:INFO:setting login settings: {}
2020-10-27 18:54:59,943:INFO:setting login settings: {}
2020-10-27 18:55:02,035:INFO:Set random seed=230
2020-10-27 18:55:02,037:INFO:- done
2020-10-27 18:55:02,037:INFO:Set random seed=230
2020-10-27 18:55:02,040:INFO:- done
2020-10-27 18:55:02,098:INFO:Loading the datasets...
2020-10-27 18:55:02,098:INFO:Loading the datasets...
2020-10-27 18:55:02,107:INFO:- done
2020-10-27 18:55:02,107:INFO:Define model and optimizer...
2020-10-27 18:55:02,109:INFO:- done
2020-10-27 18:55:02,109:INFO:Define model and optimizer...
2020-10-27 18:55:04,830:INFO:using apex synced BN
2020-10-27 18:55:04,833:INFO:using apex fp16, opt_level=O1, keep_batchnorm_fp32=True
2020-10-27 18:55:04,837:WARNING:Process rank: 1, device: cuda:1, n_gpu: 2, distributed training: True
2020-10-27 18:55:04,936:INFO:using apex synced BN
2020-10-27 18:55:04,940:INFO:using apex fp16, opt_level=O1, keep_batchnorm_fp32=True
2020-10-27 18:55:04,945:WARNING:Process rank: 0, device: cuda:0, n_gpu: 2, distributed training: True
2020-10-27 19:00:40,944:INFO:setting login settings: {}
2020-10-27 19:00:40,970:INFO:setting login settings: {}
2020-10-27 19:00:42,934:INFO:Set random seed=230
2020-10-27 19:00:42,936:INFO:- done
2020-10-27 19:00:42,939:INFO:Set random seed=230
2020-10-27 19:00:42,942:INFO:- done
2020-10-27 19:00:43,007:INFO:Loading the datasets...
2020-10-27 19:00:43,014:INFO:- done
2020-10-27 19:00:43,014:INFO:Define model and optimizer...
2020-10-27 19:00:43,018:INFO:Loading the datasets...
2020-10-27 19:00:43,027:INFO:- done
2020-10-27 19:00:43,027:INFO:Define model and optimizer...
2020-10-27 19:00:45,884:INFO:using apex synced BN
2020-10-27 19:00:45,884:INFO:using apex synced BN
2020-10-27 19:00:45,888:INFO:using apex fp16, opt_level=O1, keep_batchnorm_fp32=True
2020-10-27 19:00:45,888:INFO:using apex fp16, opt_level=O1, keep_batchnorm_fp32=True
2020-10-27 19:00:45,892:WARNING:Process rank: 0, device: cuda:0, n_gpu: 2, distributed training: True
2020-10-27 19:00:45,893:WARNING:Process rank: 1, device: cuda:1, n_gpu: 2, distributed training: True
2020-10-27 19:04:15,064:INFO:setting login settings: {}
2020-10-27 19:04:15,076:INFO:setting login settings: {}
2020-10-27 19:04:18,560:INFO:Set random seed=230
2020-10-27 19:04:18,562:INFO:- done
2020-10-27 19:04:18,574:INFO:Set random seed=230
2020-10-27 19:04:18,576:INFO:- done
2020-10-27 19:04:19,616:INFO:Loading the datasets...
2020-10-27 19:04:19,622:INFO:Loading the datasets...
2020-10-27 19:04:19,628:INFO:- done
2020-10-27 19:04:19,628:INFO:Define model and optimizer...
2020-10-27 19:04:19,631:INFO:- done
2020-10-27 19:04:19,632:INFO:Define model and optimizer...
2020-10-27 19:04:22,326:INFO:using apex synced BN
2020-10-27 19:04:22,330:INFO:using apex fp16, opt_level=O1, keep_batchnorm_fp32=True
2020-10-27 19:04:22,334:WARNING:Process rank: 1, device: cuda:1, n_gpu: 2, distributed training: True
2020-10-27 19:04:22,398:INFO:using apex synced BN
2020-10-27 19:04:22,401:INFO:using apex fp16, opt_level=O1, keep_batchnorm_fp32=True
2020-10-27 19:04:22,407:WARNING:Process rank: 0, device: cuda:0, n_gpu: 2, distributed training: True
2020-10-27 19:08:50,945:INFO:setting login settings: {}
2020-10-27 19:08:50,945:INFO:setting login settings: {}
2020-10-27 19:08:53,367:INFO:Set random seed=230
2020-10-27 19:08:53,370:INFO:- done
2020-10-27 19:08:53,383:INFO:Set random seed=230
2020-10-27 19:08:53,385:INFO:- done
2020-10-27 19:08:53,444:INFO:Loading the datasets...
2020-10-27 19:08:53,449:INFO:Loading the datasets...
2020-10-27 19:08:53,450:INFO:- done
2020-10-27 19:08:53,451:INFO:Define model and optimizer...
2020-10-27 19:08:53,458:INFO:- done
2020-10-27 19:08:53,459:INFO:Define model and optimizer...
2020-10-27 19:08:56,188:INFO:using apex synced BN
2020-10-27 19:08:56,192:INFO:using apex fp16, opt_level=O1, keep_batchnorm_fp32=True
2020-10-27 19:08:56,198:WARNING:Process rank: 0, device: cuda:0, n_gpu: 2, distributed training: True
2020-10-27 19:08:56,201:INFO:using apex synced BN
2020-10-27 19:08:56,205:INFO:using apex fp16, opt_level=O1, keep_batchnorm_fp32=True
2020-10-27 19:08:56,208:WARNING:Process rank: 1, device: cuda:1, n_gpu: 2, distributed training: True
2020-10-27 19:10:27,190:INFO:setting login settings: {}
2020-10-27 19:10:27,238:INFO:setting login settings: {}
2020-10-27 19:10:30,595:INFO:Set random seed=230
2020-10-27 19:10:30,597:INFO:- done
2020-10-27 19:10:30,606:INFO:Set random seed=230
2020-10-27 19:10:30,608:INFO:- done
2020-10-27 19:10:31,669:INFO:Loading the datasets...
2020-10-27 19:10:31,674:INFO:Loading the datasets...
2020-10-27 19:10:31,679:INFO:- done
2020-10-27 19:10:31,680:INFO:Define model and optimizer...
2020-10-27 19:10:31,685:INFO:- done
2020-10-27 19:10:31,685:INFO:Define model and optimizer...
2020-10-27 19:10:34,331:INFO:using apex synced BN
2020-10-27 19:10:34,335:INFO:using apex fp16, opt_level=O1, keep_batchnorm_fp32=True
2020-10-27 19:10:34,335:INFO:using apex synced BN
2020-10-27 19:10:34,339:INFO:using apex fp16, opt_level=O1, keep_batchnorm_fp32=True
2020-10-27 19:10:34,340:WARNING:Process rank: 1, device: cuda:1, n_gpu: 2, distributed training: True
2020-10-27 19:10:34,344:WARNING:Process rank: 0, device: cuda:0, n_gpu: 2, distributed training: True
2020-10-27 19:10:34,398:INFO:- done
2020-10-27 19:10:34,398:INFO:Starting training for 30 epoch(s)
2020-10-27 19:10:34,399:INFO:- done
2020-10-27 19:10:34,399:INFO:Starting training for 30 epoch(s)
2020-10-27 19:10:34,402:INFO:Epoch 1/30
2020-10-27 19:10:34,403:INFO:Epoch 1/30
2020-10-27 19:16:37,016:INFO:setting login settings: {}
2020-10-27 19:16:37,053:INFO:setting login settings: {}
2020-10-27 19:16:40,808:INFO:Set random seed=230
2020-10-27 19:16:40,811:INFO:- done
2020-10-27 19:16:40,828:INFO:Set random seed=230
2020-10-27 19:16:40,831:INFO:- done
2020-10-27 19:16:40,875:INFO:Loading the datasets...
2020-10-27 19:16:40,879:INFO:Loading the datasets...
2020-10-27 19:16:40,882:INFO:- done
2020-10-27 19:16:40,882:INFO:Define model and optimizer...
2020-10-27 19:16:40,888:INFO:- done
2020-10-27 19:16:40,889:INFO:Define model and optimizer...
2020-10-27 19:16:43,594:INFO:using apex synced BN
2020-10-27 19:16:43,598:INFO:using apex fp16, opt_level=O1, keep_batchnorm_fp32=True
2020-10-27 19:16:43,603:INFO:using apex synced BN
2020-10-27 19:16:43,603:WARNING:Process rank: 0, device: cuda:0, n_gpu: 2, distributed training: True
2020-10-27 19:16:43,606:INFO:using apex fp16, opt_level=O1, keep_batchnorm_fp32=True
2020-10-27 19:16:43,610:WARNING:Process rank: 1, device: cuda:1, n_gpu: 2, distributed training: True
2020-10-27 19:16:43,655:INFO:- done
2020-10-27 19:16:43,655:INFO:- done
2020-10-27 19:16:43,655:INFO:Starting training for 30 epoch(s)
2020-10-27 19:16:43,656:INFO:Starting training for 30 epoch(s)
2020-10-27 19:16:43,658:INFO:Epoch 1/30
2020-10-27 19:16:43,659:INFO:Epoch 1/30
2020-10-27 19:18:04,048:INFO:setting login settings: {}
2020-10-27 19:18:04,077:INFO:setting login settings: {}
2020-10-27 19:18:07,456:INFO:Set random seed=230
2020-10-27 19:18:07,459:INFO:- done
2020-10-27 19:18:07,469:INFO:Set random seed=230
2020-10-27 19:18:07,471:INFO:- done
2020-10-27 19:18:07,536:INFO:Loading the datasets...
2020-10-27 19:18:07,542:INFO:Loading the datasets...
2020-10-27 19:18:07,544:INFO:- done
2020-10-27 19:18:07,544:INFO:Define model and optimizer...
2020-10-27 19:18:07,551:INFO:- done
2020-10-27 19:18:07,552:INFO:Define model and optimizer...
2020-10-27 19:18:10,266:INFO:using apex synced BN
2020-10-27 19:18:10,270:INFO:using apex fp16, opt_level=O1, keep_batchnorm_fp32=True
2020-10-27 19:18:10,275:WARNING:Process rank: 0, device: cuda:0, n_gpu: 2, distributed training: True
2020-10-27 19:18:10,281:INFO:using apex synced BN
2020-10-27 19:18:10,284:INFO:using apex fp16, opt_level=O1, keep_batchnorm_fp32=True
2020-10-27 19:18:10,288:WARNING:Process rank: 1, device: cuda:1, n_gpu: 2, distributed training: True
2020-10-27 19:18:10,329:INFO:- done
2020-10-27 19:18:10,330:INFO:Starting training for 30 epoch(s)
2020-10-27 19:18:10,330:INFO:- done
2020-10-27 19:18:10,331:INFO:Starting training for 30 epoch(s)
2020-10-27 19:18:10,334:INFO:Epoch 1/30
2020-10-27 19:18:10,334:INFO:Epoch 1/30
2020-10-27 19:18:52,656:INFO:setting login settings: {}
2020-10-27 19:18:52,757:INFO:setting login settings: {}
2020-10-27 19:18:56,542:INFO:Set random seed=230
2020-10-27 19:18:56,544:INFO:- done
2020-10-27 19:18:56,574:INFO:Set random seed=230
2020-10-27 19:18:56,576:INFO:- done
2020-10-27 19:18:56,599:INFO:Loading the datasets...
2020-10-27 19:18:56,606:INFO:Loading the datasets...
2020-10-27 19:18:56,606:INFO:- done
2020-10-27 19:18:56,606:INFO:Define model and optimizer...
2020-10-27 19:18:56,615:INFO:- done
2020-10-27 19:18:56,616:INFO:Define model and optimizer...
2020-10-27 19:18:59,269:INFO:using apex synced BN
2020-10-27 19:18:59,272:INFO:using apex fp16, opt_level=O1, keep_batchnorm_fp32=True
2020-10-27 19:18:59,277:WARNING:Process rank: 0, device: cuda:0, n_gpu: 2, distributed training: True
2020-10-27 19:18:59,388:INFO:using apex synced BN
2020-10-27 19:18:59,391:INFO:using apex fp16, opt_level=O1, keep_batchnorm_fp32=True
2020-10-27 19:18:59,395:WARNING:Process rank: 1, device: cuda:1, n_gpu: 2, distributed training: True
2020-10-27 19:18:59,435:INFO:- done
2020-10-27 19:18:59,436:INFO:Starting training for 30 epoch(s)
2020-10-27 19:18:59,437:INFO:- done
2020-10-27 19:18:59,437:INFO:Starting training for 30 epoch(s)
2020-10-27 19:18:59,439:INFO:Epoch 1/30
2020-10-27 19:18:59,440:INFO:Epoch 1/30
2020-10-27 19:19:00,459:INFO:- Train metrics: accuracy: 0.016 ; loss: 5.440
2020-10-27 19:19:00,490:INFO:- Train metrics: accuracy: 0.016 ; loss: 5.440
2020-10-27 19:21:30,385:INFO:setting login settings: {}
2020-10-27 19:21:30,491:INFO:setting login settings: {}
2020-10-27 19:21:34,244:INFO:Set random seed=230
2020-10-27 19:21:34,245:INFO:Set random seed=230
2020-10-27 19:21:34,246:INFO:- done
2020-10-27 19:21:34,248:INFO:- done
2020-10-27 19:21:35,306:INFO:Loading the datasets...
2020-10-27 19:21:35,308:INFO:Loading the datasets...
2020-10-27 19:21:35,315:INFO:- done
2020-10-27 19:21:35,316:INFO:Define model and optimizer...
2020-10-27 19:21:35,318:INFO:- done
2020-10-27 19:21:35,319:INFO:Define model and optimizer...
2020-10-27 19:21:38,130:INFO:using apex synced BN
2020-10-27 19:21:38,133:INFO:using apex fp16, opt_level=O1, keep_batchnorm_fp32=True
2020-10-27 19:21:38,137:WARNING:Process rank: 0, device: cuda:0, n_gpu: 2, distributed training: True
2020-10-27 19:21:38,197:INFO:using apex synced BN
2020-10-27 19:21:38,201:INFO:using apex fp16, opt_level=O1, keep_batchnorm_fp32=True
2020-10-27 19:21:38,205:WARNING:Process rank: 1, device: cuda:1, n_gpu: 2, distributed training: True
2020-10-27 19:21:38,246:INFO:- done
2020-10-27 19:21:38,247:INFO:Starting training for 30 epoch(s)
2020-10-27 19:21:38,248:INFO:- done
2020-10-27 19:21:38,249:INFO:Starting training for 30 epoch(s)
2020-10-27 19:21:38,250:INFO:Epoch 1/30
2020-10-27 19:21:38,252:INFO:Epoch 1/30
2020-10-27 19:21:39,349:INFO:- Train metrics: accuracy: 0.016 ; loss: 5.440
2020-10-27 19:21:39,350:INFO:- Train metrics: accuracy: 0.016 ; loss: 5.440
2020-10-27 19:22:44,439:INFO:setting login settings: {}
2020-10-27 19:22:44,458:INFO:setting login settings: {}
2020-10-27 19:22:47,756:INFO:Set random seed=230
2020-10-27 19:22:47,758:INFO:- done
2020-10-27 19:22:47,760:INFO:Set random seed=230
2020-10-27 19:22:47,762:INFO:- done
2020-10-27 19:22:48,821:INFO:Loading the datasets...
2020-10-27 19:22:48,828:INFO:Loading the datasets...
2020-10-27 19:22:48,832:INFO:- done
2020-10-27 19:22:48,832:INFO:Define model and optimizer...
2020-10-27 19:22:48,837:INFO:- done
2020-10-27 19:22:48,838:INFO:Define model and optimizer...
2020-10-27 19:22:51,557:INFO:using apex synced BN
2020-10-27 19:22:51,560:INFO:using apex fp16, opt_level=O1, keep_batchnorm_fp32=True
2020-10-27 19:22:51,564:WARNING:Process rank: 0, device: cuda:0, n_gpu: 2, distributed training: True
2020-10-27 19:22:51,600:INFO:using apex synced BN
2020-10-27 19:22:51,604:INFO:using apex fp16, opt_level=O1, keep_batchnorm_fp32=True
2020-10-27 19:22:51,608:WARNING:Process rank: 1, device: cuda:1, n_gpu: 2, distributed training: True
2020-10-27 19:22:51,647:INFO:- done
2020-10-27 19:22:51,648:INFO:Starting training for 30 epoch(s)
2020-10-27 19:22:51,649:INFO:- done
2020-10-27 19:22:51,650:INFO:Starting training for 30 epoch(s)
2020-10-27 19:22:51,651:INFO:Epoch 1/30
2020-10-27 19:22:51,653:INFO:Epoch 1/30
2020-10-27 19:22:52,715:INFO:- Train metrics: accuracy: 0.016 ; loss: 5.440
2020-10-27 19:22:52,740:INFO:- Train metrics: accuracy: 0.016 ; loss: 5.440
2020-10-27 19:24:03,009:INFO:setting login settings: {}
2020-10-27 19:24:03,052:INFO:setting login settings: {}
2020-10-27 19:24:05,956:INFO:Set random seed=230
2020-10-27 19:24:05,958:INFO:- done
2020-10-27 19:24:05,963:INFO:Set random seed=230
2020-10-27 19:24:05,965:INFO:- done
2020-10-27 19:24:07,020:INFO:Loading the datasets...
2020-10-27 19:24:07,025:INFO:Loading the datasets...
2020-10-27 19:24:07,032:INFO:- done
2020-10-27 19:24:07,032:INFO:Define model and optimizer...
2020-10-27 19:24:07,037:INFO:- done
2020-10-27 19:24:07,037:INFO:Define model and optimizer...
2020-10-27 19:24:09,741:INFO:using apex synced BN
2020-10-27 19:24:09,745:INFO:using apex fp16, opt_level=O1, keep_batchnorm_fp32=True
2020-10-27 19:24:09,750:WARNING:Process rank: 0, device: cuda:0, n_gpu: 2, distributed training: True
2020-10-27 19:24:09,776:INFO:using apex synced BN
2020-10-27 19:24:09,779:INFO:using apex fp16, opt_level=O1, keep_batchnorm_fp32=True
2020-10-27 19:24:09,783:WARNING:Process rank: 1, device: cuda:1, n_gpu: 2, distributed training: True
2020-10-27 19:24:09,822:INFO:- done
2020-10-27 19:24:09,822:INFO:Starting training for 30 epoch(s)
2020-10-27 19:24:09,825:INFO:- done
2020-10-27 19:24:09,825:INFO:Starting training for 30 epoch(s)
2020-10-27 19:24:09,825:INFO:Epoch 1/30
2020-10-27 19:24:09,829:INFO:Epoch 1/30
2020-10-27 19:24:10,889:INFO:- Train metrics: accuracy: 0.016 ; loss: 5.440
2020-10-27 19:24:10,906:INFO:- Train metrics: accuracy: 0.016 ; loss: 5.440
2020-10-27 19:25:16,529:INFO:setting login settings: {}
2020-10-27 19:25:16,569:INFO:setting login settings: {}
2020-10-27 19:25:19,017:INFO:Set random seed=230
2020-10-27 19:25:19,019:INFO:- done
2020-10-27 19:25:19,026:INFO:Set random seed=230
2020-10-27 19:25:19,028:INFO:- done
2020-10-27 19:25:20,074:INFO:Loading the datasets...
2020-10-27 19:25:20,081:INFO:Loading the datasets...
2020-10-27 19:25:20,085:INFO:- done
2020-10-27 19:25:20,086:INFO:Define model and optimizer...
2020-10-27 19:25:20,092:INFO:- done
2020-10-27 19:25:20,092:INFO:Define model and optimizer...
2020-10-27 19:25:22,824:INFO:using apex synced BN
2020-10-27 19:25:22,828:INFO:using apex fp16, opt_level=O1, keep_batchnorm_fp32=True
2020-10-27 19:25:22,837:WARNING:Process rank: 0, device: cuda:0, n_gpu: 2, distributed training: True
2020-10-27 19:25:22,913:INFO:using apex synced BN
2020-10-27 19:25:22,916:INFO:using apex fp16, opt_level=O1, keep_batchnorm_fp32=True
2020-10-27 19:25:22,919:WARNING:Process rank: 1, device: cuda:1, n_gpu: 2, distributed training: True
2020-10-27 19:25:22,959:INFO:- done
2020-10-27 19:25:22,959:INFO:Starting training for 30 epoch(s)
2020-10-27 19:25:22,960:INFO:- done
2020-10-27 19:25:22,960:INFO:Starting training for 30 epoch(s)
2020-10-27 19:25:22,962:INFO:Epoch 1/30
2020-10-27 19:25:22,964:INFO:Epoch 1/30
2020-10-27 19:25:23,993:INFO:- Train metrics: accuracy: 0.016 ; loss: 5.440
2020-10-27 19:25:24,008:INFO:- Train metrics: accuracy: 0.016 ; loss: 5.440
2020-10-27 19:25:24,366:INFO:Epoch 2/30
2020-10-27 19:25:24,413:INFO:- Found new best accuracy
2020-10-27 19:25:56,825:INFO:setting login settings: {}
2020-10-27 19:25:56,915:INFO:setting login settings: {}
2020-10-27 19:25:58,317:INFO:Set random seed=230
2020-10-27 19:25:58,320:INFO:- done
2020-10-27 19:25:58,398:INFO:Set random seed=230
2020-10-27 19:25:58,401:INFO:- done
2020-10-27 19:25:58,413:INFO:Loading the datasets...
2020-10-27 19:25:58,416:INFO:Loading the datasets...
2020-10-27 19:25:58,418:INFO:- done
2020-10-27 19:25:58,418:INFO:Define model and optimizer...
2020-10-27 19:25:58,424:INFO:- done
2020-10-27 19:25:58,424:INFO:Define model and optimizer...
2020-10-27 19:26:01,155:INFO:using apex synced BN
2020-10-27 19:26:01,159:INFO:using apex fp16, opt_level=O1, keep_batchnorm_fp32=True
2020-10-27 19:26:01,164:WARNING:Process rank: 0, device: cuda:0, n_gpu: 2, distributed training: True
2020-10-27 19:26:04,734:INFO:using apex synced BN
2020-10-27 19:26:04,741:INFO:using apex fp16, opt_level=O1, keep_batchnorm_fp32=True
2020-10-27 19:26:04,751:WARNING:Process rank: 1, device: cuda:1, n_gpu: 2, distributed training: True
2020-10-27 19:26:04,795:INFO:- done
2020-10-27 19:26:04,796:INFO:Starting training for 30 epoch(s)
2020-10-27 19:26:04,798:INFO:Epoch 1/30
2020-10-27 19:26:04,801:INFO:- done
2020-10-27 19:26:04,802:INFO:Starting training for 30 epoch(s)
2020-10-27 19:26:04,806:INFO:Epoch 1/30
2020-10-27 19:26:06,733:INFO:- Train metrics: accuracy: 0.016 ; loss: 5.440
2020-10-27 19:26:06,749:INFO:- Train metrics: accuracy: 0.016 ; loss: 5.440
2020-10-27 19:26:07,166:INFO:Epoch 2/30
2020-10-27 19:26:07,236:INFO:- Found new best accuracy
2020-10-27 19:27:29,388:INFO:setting login settings: {}
2020-10-27 19:27:29,449:INFO:setting login settings: {}
2020-10-27 19:27:30,976:INFO:Set random seed=230
2020-10-27 19:27:30,978:INFO:- done
2020-10-27 19:27:31,097:INFO:Set random seed=230
2020-10-27 19:27:31,099:INFO:- done
2020-10-27 19:27:31,992:INFO:Loading the datasets...
2020-10-27 19:27:32,001:INFO:Loading the datasets...
2020-10-27 19:27:32,003:INFO:- done
2020-10-27 19:27:32,004:INFO:Define model and optimizer...
2020-10-27 19:27:32,011:INFO:- done
2020-10-27 19:27:32,012:INFO:Define model and optimizer...
2020-10-27 19:27:34,733:INFO:using apex synced BN
2020-10-27 19:27:34,737:INFO:using apex fp16, opt_level=O1, keep_batchnorm_fp32=True
2020-10-27 19:27:34,741:WARNING:Process rank: 0, device: cuda:0, n_gpu: 2, distributed training: True
2020-10-27 19:27:42,298:INFO:using apex synced BN
2020-10-27 19:27:42,303:INFO:using apex fp16, opt_level=O1, keep_batchnorm_fp32=True
2020-10-27 19:27:42,315:WARNING:Process rank: 1, device: cuda:1, n_gpu: 2, distributed training: True
2020-10-27 19:27:42,358:INFO:- done
2020-10-27 19:27:42,360:INFO:Starting training for 30 epoch(s)
2020-10-27 19:27:42,368:INFO:Epoch 1/30
2020-10-27 19:27:42,370:INFO:- done
2020-10-27 19:27:42,371:INFO:Starting training for 30 epoch(s)
2020-10-27 19:27:42,374:INFO:Epoch 1/30
2020-10-27 19:27:45,459:INFO:- Train metrics: accuracy: 0.016 ; loss: 5.440
2020-10-27 19:27:45,488:INFO:- Train metrics: accuracy: 0.016 ; loss: 5.440
2020-10-27 19:27:46,043:INFO:Epoch 2/30
2020-10-27 19:27:46,186:INFO:- Found new best accuracy
2020-10-27 19:27:46,187:INFO:Epoch 2/30
2020-10-27 19:27:47,060:INFO:- Train metrics: accuracy: 0.148 ; loss: 4.588
2020-10-27 19:27:47,104:INFO:- Train metrics: accuracy: 0.148 ; loss: 4.588
2020-10-27 19:27:47,536:INFO:Epoch 3/30
2020-10-27 19:27:47,632:INFO:- Found new best accuracy
2020-10-27 19:27:47,633:INFO:Epoch 3/30
2020-10-27 19:27:48,480:INFO:- Train metrics: accuracy: 0.219 ; loss: 4.355
2020-10-27 19:27:48,515:INFO:- Train metrics: accuracy: 0.219 ; loss: 4.355
2020-10-27 19:27:48,917:INFO:Epoch 4/30
2020-10-27 19:27:48,988:INFO:- Found new best accuracy
2020-10-27 19:27:48,989:INFO:Epoch 4/30
2020-10-27 19:27:49,864:INFO:- Train metrics: accuracy: 0.234 ; loss: 4.359
2020-10-27 19:27:49,889:INFO:- Train metrics: accuracy: 0.234 ; loss: 4.359
2020-10-27 19:27:50,324:INFO:Epoch 5/30
2020-10-27 19:27:50,377:INFO:Epoch 5/30
2020-10-27 19:27:51,280:INFO:- Train metrics: accuracy: 0.344 ; loss: 4.017
2020-10-27 19:27:51,309:INFO:- Train metrics: accuracy: 0.344 ; loss: 4.017
2020-10-27 19:27:51,714:INFO:Epoch 6/30
2020-10-27 19:27:51,779:INFO:- Found new best accuracy
2020-10-27 19:27:51,781:INFO:Epoch 6/30
2020-10-27 19:27:52,685:INFO:- Train metrics: accuracy: 0.320 ; loss: 4.102
2020-10-27 19:27:52,716:INFO:- Train metrics: accuracy: 0.320 ; loss: 4.102
2020-10-27 19:27:53,140:INFO:Epoch 7/30
2020-10-27 19:27:53,193:INFO:Epoch 7/30
2020-10-27 19:27:54,091:INFO:- Train metrics: accuracy: 0.422 ; loss: 3.747
2020-10-27 19:27:54,128:INFO:- Train metrics: accuracy: 0.422 ; loss: 3.747
2020-10-27 19:27:54,565:INFO:Epoch 8/30
2020-10-27 19:27:54,613:INFO:Epoch 8/30
2020-10-27 19:27:55,507:INFO:- Train metrics: accuracy: 0.414 ; loss: 3.844
2020-10-27 19:27:55,535:INFO:- Train metrics: accuracy: 0.414 ; loss: 3.844
2020-10-27 19:27:55,949:INFO:Epoch 9/30
2020-10-27 19:27:56,031:INFO:Epoch 9/30
2020-10-27 19:27:56,935:INFO:- Train metrics: accuracy: 0.539 ; loss: 3.456
2020-10-27 19:27:56,970:INFO:- Train metrics: accuracy: 0.539 ; loss: 3.456
2020-10-27 19:27:57,389:INFO:Epoch 10/30
2020-10-27 19:27:57,461:INFO:- Found new best accuracy
2020-10-27 19:27:57,462:INFO:Epoch 10/30
2020-10-27 19:27:58,378:INFO:- Train metrics: accuracy: 0.508 ; loss: 3.623
2020-10-27 19:27:58,413:INFO:- Train metrics: accuracy: 0.508 ; loss: 3.623
2020-10-27 19:27:58,830:INFO:Epoch 11/30
2020-10-27 19:27:58,880:INFO:Epoch 11/30
2020-10-27 19:27:59,758:INFO:- Train metrics: accuracy: 0.516 ; loss: 3.553
2020-10-27 19:27:59,785:INFO:- Train metrics: accuracy: 0.516 ; loss: 3.553
2020-10-27 19:28:00,189:INFO:Epoch 12/30
2020-10-27 19:28:00,256:INFO:- Found new best accuracy
2020-10-27 19:28:00,258:INFO:Epoch 12/30
2020-10-27 19:28:01,175:INFO:- Train metrics: accuracy: 0.523 ; loss: 3.410
2020-10-27 19:28:01,195:INFO:- Train metrics: accuracy: 0.523 ; loss: 3.410
2020-10-27 19:28:01,617:INFO:Epoch 13/30
2020-10-27 19:28:01,668:INFO:Epoch 13/30
2020-10-27 19:28:02,558:INFO:- Train metrics: accuracy: 0.539 ; loss: 3.614
2020-10-27 19:28:02,605:INFO:- Train metrics: accuracy: 0.539 ; loss: 3.614
2020-10-27 19:28:03,018:INFO:Epoch 14/30
2020-10-27 19:28:03,066:INFO:Epoch 14/30
2020-10-27 19:28:03,976:INFO:- Train metrics: accuracy: 0.586 ; loss: 3.391
2020-10-27 19:28:04,014:INFO:- Train metrics: accuracy: 0.586 ; loss: 3.391
2020-10-27 19:28:04,459:INFO:Epoch 15/30
2020-10-27 19:28:04,522:INFO:Epoch 15/30
2020-10-27 19:28:05,459:INFO:- Train metrics: accuracy: 0.492 ; loss: 3.620
2020-10-27 19:28:05,483:INFO:- Train metrics: accuracy: 0.492 ; loss: 3.620
2020-10-27 19:28:05,914:INFO:Epoch 16/30
2020-10-27 19:28:05,971:INFO:- Found new best accuracy
2020-10-27 19:28:05,973:INFO:Epoch 16/30
2020-10-27 19:28:06,835:INFO:- Train metrics: accuracy: 0.523 ; loss: 3.531
2020-10-27 19:28:06,870:INFO:- Train metrics: accuracy: 0.523 ; loss: 3.531
2020-10-27 19:28:07,291:INFO:Epoch 17/30
2020-10-27 19:28:07,364:INFO:- Found new best accuracy
2020-10-27 19:28:07,365:INFO:Epoch 17/30
2020-10-27 19:28:08,267:INFO:- Train metrics: accuracy: 0.609 ; loss: 3.200
2020-10-27 19:28:08,305:INFO:- Train metrics: accuracy: 0.609 ; loss: 3.200
2020-10-27 19:28:08,708:INFO:Epoch 18/30
2020-10-27 19:28:08,760:INFO:Epoch 18/30
2020-10-27 19:28:09,654:INFO:- Train metrics: accuracy: 0.578 ; loss: 3.398
2020-10-27 19:28:09,692:INFO:- Train metrics: accuracy: 0.578 ; loss: 3.398
2020-10-27 19:28:10,112:INFO:Epoch 19/30
2020-10-27 19:28:10,154:INFO:Epoch 19/30
2020-10-27 19:28:11,063:INFO:- Train metrics: accuracy: 0.562 ; loss: 3.374
2020-10-27 19:28:11,102:INFO:- Train metrics: accuracy: 0.562 ; loss: 3.374
2020-10-27 19:28:11,520:INFO:Epoch 20/30
2020-10-27 19:28:11,564:INFO:Epoch 20/30
2020-10-27 19:28:12,465:INFO:- Train metrics: accuracy: 0.547 ; loss: 3.539
2020-10-27 19:28:12,505:INFO:- Train metrics: accuracy: 0.547 ; loss: 3.539
2020-10-27 19:28:12,920:INFO:Epoch 21/30
2020-10-27 19:28:12,968:INFO:Epoch 21/30
2020-10-27 19:28:13,858:INFO:- Train metrics: accuracy: 0.562 ; loss: 3.266
2020-10-27 19:28:13,893:INFO:- Train metrics: accuracy: 0.562 ; loss: 3.266
2020-10-27 19:28:14,356:INFO:Epoch 22/30
2020-10-27 19:28:14,401:INFO:Epoch 22/30
2020-10-27 19:28:15,486:INFO:- Train metrics: accuracy: 0.617 ; loss: 3.274
2020-10-27 19:28:15,522:INFO:- Train metrics: accuracy: 0.617 ; loss: 3.274
2020-10-27 19:28:15,932:INFO:Epoch 23/30
2020-10-27 19:28:16,014:INFO:- Found new best accuracy
2020-10-27 19:28:16,016:INFO:Epoch 23/30
2020-10-27 19:28:16,911:INFO:- Train metrics: accuracy: 0.570 ; loss: 3.397
2020-10-27 19:28:16,939:INFO:- Train metrics: accuracy: 0.570 ; loss: 3.397
2020-10-27 19:28:17,476:INFO:Epoch 24/30
2020-10-27 19:28:17,514:INFO:Epoch 24/30
2020-10-27 19:28:18,531:INFO:- Train metrics: accuracy: 0.484 ; loss: 3.619
2020-10-27 19:28:18,568:INFO:- Train metrics: accuracy: 0.484 ; loss: 3.619
2020-10-27 19:28:18,976:INFO:Epoch 25/30
2020-10-27 19:28:19,045:INFO:- Found new best accuracy
2020-10-27 19:28:19,047:INFO:Epoch 25/30
2020-10-27 19:28:19,959:INFO:- Train metrics: accuracy: 0.477 ; loss: 3.643
2020-10-27 19:28:19,979:INFO:- Train metrics: accuracy: 0.477 ; loss: 3.643
2020-10-27 19:28:20,394:INFO:Epoch 26/30
2020-10-27 19:28:20,442:INFO:Epoch 26/30
2020-10-27 19:28:21,351:INFO:- Train metrics: accuracy: 0.562 ; loss: 3.344
2020-10-27 19:28:21,377:INFO:- Train metrics: accuracy: 0.562 ; loss: 3.344
2020-10-27 19:28:21,802:INFO:Epoch 27/30
2020-10-27 19:28:21,852:INFO:Epoch 27/30
2020-10-27 19:28:22,739:INFO:- Train metrics: accuracy: 0.609 ; loss: 3.249
2020-10-27 19:28:22,773:INFO:- Train metrics: accuracy: 0.609 ; loss: 3.249
2020-10-27 19:28:23,189:INFO:Epoch 28/30
2020-10-27 19:28:23,232:INFO:Epoch 28/30
2020-10-27 19:28:24,113:INFO:- Train metrics: accuracy: 0.570 ; loss: 3.365
2020-10-27 19:28:24,144:INFO:- Train metrics: accuracy: 0.570 ; loss: 3.365
2020-10-27 19:28:24,558:INFO:Epoch 29/30
2020-10-27 19:28:24,607:INFO:Epoch 29/30
2020-10-27 19:28:25,478:INFO:- Train metrics: accuracy: 0.625 ; loss: 3.132
2020-10-27 19:28:25,505:INFO:- Train metrics: accuracy: 0.625 ; loss: 3.132
2020-10-27 19:28:25,910:INFO:Epoch 30/30
2020-10-27 19:28:25,962:INFO:Epoch 30/30
2020-10-27 19:28:26,867:INFO:- Train metrics: accuracy: 0.656 ; loss: 3.002
2020-10-27 19:28:26,896:INFO:- Train metrics: accuracy: 0.656 ; loss: 3.002
2020-10-27 19:41:29,994:INFO:setting login settings: {}
2020-10-27 19:41:29,998:INFO:setting login settings: {}
2020-10-27 19:41:31,564:INFO:Set random seed=230
2020-10-27 19:41:31,566:INFO:- done
2020-10-27 19:41:31,629:INFO:Set random seed=230
2020-10-27 19:41:31,632:INFO:- done
2020-10-27 19:41:32,626:INFO:Loading the datasets...
2020-10-27 19:41:32,626:INFO:Loading the datasets...
2020-10-27 19:41:32,637:INFO:- done
2020-10-27 19:41:32,637:INFO:- done
2020-10-27 19:41:32,637:INFO:Define model and optimizer...
2020-10-27 19:41:32,638:INFO:Define model and optimizer...
2020-10-27 19:41:35,418:INFO:using apex synced BN
2020-10-27 19:41:35,425:INFO:using apex fp16, opt_level=O1, keep_batchnorm_fp32=True
2020-10-27 19:41:35,432:WARNING:Process rank: 0, device: cuda:0, n_gpu: 2, distributed training: True
2020-10-27 19:41:35,454:INFO:using apex synced BN
2020-10-27 19:41:35,458:INFO:using apex fp16, opt_level=O1, keep_batchnorm_fp32=True
2020-10-27 19:41:35,462:WARNING:Process rank: 1, device: cuda:1, n_gpu: 2, distributed training: True
2020-10-27 19:41:35,506:INFO:- done
2020-10-27 19:41:35,507:INFO:- done
2020-10-27 19:41:35,507:INFO:Starting training for 30 epoch(s)
2020-10-27 19:41:35,507:INFO:Starting training for 30 epoch(s)
2020-10-27 19:41:35,510:INFO:Epoch 1/30
2020-10-27 19:41:35,511:INFO:Epoch 1/30
2020-10-27 19:41:36,596:INFO:- Train metrics: accuracy: 0.016 ; loss: 5.440
2020-10-27 19:41:36,617:INFO:- Train metrics: accuracy: 0.016 ; loss: 5.440
2020-10-27 19:41:37,046:INFO:Epoch 2/30
2020-10-27 19:41:37,150:INFO:- Found new best accuracy
2020-10-27 19:41:37,152:INFO:Epoch 2/30
2020-10-27 19:41:37,734:INFO:- Train metrics: accuracy: 0.148 ; loss: 4.588
2020-10-27 19:41:37,772:INFO:- Train metrics: accuracy: 0.148 ; loss: 4.588
2020-10-27 19:41:38,187:INFO:Epoch 3/30
2020-10-27 19:41:38,274:INFO:- Found new best accuracy
2020-10-27 19:41:38,275:INFO:Epoch 3/30
2020-10-27 19:41:38,867:INFO:- Train metrics: accuracy: 0.219 ; loss: 4.357
2020-10-27 19:41:38,889:INFO:- Train metrics: accuracy: 0.219 ; loss: 4.357
2020-10-27 19:41:39,290:INFO:Epoch 4/30
2020-10-27 19:41:39,384:INFO:- Found new best accuracy
2020-10-27 19:41:39,386:INFO:Epoch 4/30
2020-10-27 19:41:39,964:INFO:- Train metrics: accuracy: 0.234 ; loss: 4.355
2020-10-27 19:41:39,998:INFO:- Train metrics: accuracy: 0.234 ; loss: 4.355
2020-10-27 19:41:40,406:INFO:Epoch 5/30
2020-10-27 19:41:40,494:INFO:- Found new best accuracy
2020-10-27 19:41:40,496:INFO:Epoch 5/30
2020-10-27 19:41:41,093:INFO:- Train metrics: accuracy: 0.352 ; loss: 4.012
2020-10-27 19:41:41,131:INFO:- Train metrics: accuracy: 0.352 ; loss: 4.012
2020-10-27 19:41:41,537:INFO:Epoch 6/30
2020-10-27 19:41:41,735:INFO:- Found new best accuracy
2020-10-27 19:41:41,737:INFO:Epoch 6/30
2020-10-27 19:41:42,351:INFO:- Train metrics: accuracy: 0.320 ; loss: 4.100
2020-10-27 19:41:42,367:INFO:- Train metrics: accuracy: 0.320 ; loss: 4.100
2020-10-27 19:41:42,766:INFO:Epoch 7/30
2020-10-27 19:41:42,832:INFO:Epoch 7/30
2020-10-27 19:41:43,440:INFO:- Train metrics: accuracy: 0.422 ; loss: 3.745
2020-10-27 19:41:43,452:INFO:- Train metrics: accuracy: 0.422 ; loss: 3.745
2020-10-27 19:41:43,846:INFO:Epoch 8/30
2020-10-27 19:41:43,911:INFO:Epoch 8/30
2020-10-27 19:41:44,484:INFO:- Train metrics: accuracy: 0.414 ; loss: 3.840
2020-10-27 19:41:44,498:INFO:- Train metrics: accuracy: 0.414 ; loss: 3.840
2020-10-27 19:41:44,871:INFO:Epoch 9/30
2020-10-27 19:41:44,954:INFO:- Found new best accuracy
2020-10-27 19:41:44,956:INFO:Epoch 9/30
2020-10-27 19:41:45,563:INFO:- Train metrics: accuracy: 0.539 ; loss: 3.455
2020-10-27 19:41:45,591:INFO:- Train metrics: accuracy: 0.539 ; loss: 3.455
2020-10-27 19:41:46,005:INFO:Epoch 10/30
2020-10-27 19:41:46,098:INFO:- Found new best accuracy
2020-10-27 19:41:46,100:INFO:Epoch 10/30
2020-10-27 19:41:46,709:INFO:- Train metrics: accuracy: 0.508 ; loss: 3.623
2020-10-27 19:41:46,730:INFO:- Train metrics: accuracy: 0.508 ; loss: 3.623
2020-10-27 19:41:47,147:INFO:Epoch 11/30
2020-10-27 19:41:47,213:INFO:Epoch 11/30
2020-10-27 19:41:47,830:INFO:- Train metrics: accuracy: 0.516 ; loss: 3.550
2020-10-27 19:41:47,854:INFO:- Train metrics: accuracy: 0.516 ; loss: 3.550
2020-10-27 19:41:48,281:INFO:Epoch 12/30
2020-10-27 19:41:48,393:INFO:- Found new best accuracy
2020-10-27 19:41:48,394:INFO:Epoch 12/30
2020-10-27 19:41:48,987:INFO:- Train metrics: accuracy: 0.523 ; loss: 3.410
2020-10-27 19:41:49,012:INFO:- Train metrics: accuracy: 0.523 ; loss: 3.410
2020-10-27 19:41:49,406:INFO:Epoch 13/30
2020-10-27 19:41:49,499:INFO:- Found new best accuracy
2020-10-27 19:41:49,501:INFO:Epoch 13/30
2020-10-27 19:41:50,101:INFO:- Train metrics: accuracy: 0.531 ; loss: 3.617
2020-10-27 19:41:50,124:INFO:- Train metrics: accuracy: 0.531 ; loss: 3.617
2020-10-27 19:41:50,543:INFO:Epoch 14/30
2020-10-27 19:41:50,624:INFO:Epoch 14/30
2020-10-27 19:41:51,240:INFO:- Train metrics: accuracy: 0.586 ; loss: 3.390
2020-10-27 19:41:51,256:INFO:- Train metrics: accuracy: 0.586 ; loss: 3.390
2020-10-27 19:41:51,668:INFO:Epoch 15/30
2020-10-27 19:41:51,757:INFO:- Found new best accuracy
2020-10-27 19:41:51,758:INFO:Epoch 15/30
2020-10-27 19:41:52,381:INFO:- Train metrics: accuracy: 0.492 ; loss: 3.618
2020-10-27 19:41:52,405:INFO:- Train metrics: accuracy: 0.492 ; loss: 3.618
2020-10-27 19:41:52,835:INFO:Epoch 16/30
2020-10-27 19:41:52,977:INFO:- Found new best accuracy
2020-10-27 19:41:52,979:INFO:Epoch 16/30
2020-10-27 19:41:53,576:INFO:- Train metrics: accuracy: 0.531 ; loss: 3.532
2020-10-27 19:41:53,597:INFO:- Train metrics: accuracy: 0.531 ; loss: 3.532
2020-10-27 19:41:54,032:INFO:Epoch 17/30
2020-10-27 19:41:54,127:INFO:- Found new best accuracy
2020-10-27 19:41:54,128:INFO:Epoch 17/30
2020-10-27 19:41:54,750:INFO:- Train metrics: accuracy: 0.602 ; loss: 3.194
2020-10-27 19:41:54,752:INFO:- Train metrics: accuracy: 0.602 ; loss: 3.194
2020-10-27 19:41:55,165:INFO:Epoch 18/30
2020-10-27 19:41:55,236:INFO:Epoch 18/30
2020-10-27 19:41:55,840:INFO:- Train metrics: accuracy: 0.578 ; loss: 3.389
2020-10-27 19:41:55,853:INFO:- Train metrics: accuracy: 0.578 ; loss: 3.389
2020-10-27 19:41:56,294:INFO:Epoch 19/30
2020-10-27 19:41:56,355:INFO:Epoch 19/30
2020-10-27 19:41:56,963:INFO:- Train metrics: accuracy: 0.547 ; loss: 3.376
2020-10-27 19:41:56,985:INFO:- Train metrics: accuracy: 0.547 ; loss: 3.376
2020-10-27 19:41:57,388:INFO:Epoch 20/30
2020-10-27 19:41:57,457:INFO:Epoch 20/30
2020-10-27 19:41:58,065:INFO:- Train metrics: accuracy: 0.547 ; loss: 3.532
2020-10-27 19:41:58,073:INFO:- Train metrics: accuracy: 0.547 ; loss: 3.532
2020-10-27 19:41:58,488:INFO:Epoch 21/30
2020-10-27 19:41:58,582:INFO:- Found new best accuracy
2020-10-27 19:41:58,584:INFO:Epoch 21/30
2020-10-27 19:41:59,193:INFO:- Train metrics: accuracy: 0.586 ; loss: 3.253
2020-10-27 19:41:59,211:INFO:- Train metrics: accuracy: 0.586 ; loss: 3.253
2020-10-27 19:41:59,764:INFO:Epoch 22/30
2020-10-27 19:41:59,832:INFO:Epoch 22/30
2020-10-27 19:42:00,699:INFO:- Train metrics: accuracy: 0.617 ; loss: 3.284
2020-10-27 19:42:00,730:INFO:- Train metrics: accuracy: 0.617 ; loss: 3.284
2020-10-27 19:42:01,149:INFO:Epoch 23/30
2020-10-27 19:42:01,244:INFO:- Found new best accuracy
2020-10-27 19:42:01,246:INFO:Epoch 23/30
2020-10-27 19:42:01,870:INFO:- Train metrics: accuracy: 0.570 ; loss: 3.400
2020-10-27 19:42:01,934:INFO:- Train metrics: accuracy: 0.570 ; loss: 3.400
2020-10-27 19:42:02,346:INFO:Epoch 24/30
2020-10-27 19:42:02,410:INFO:Epoch 24/30
2020-10-27 19:42:03,018:INFO:- Train metrics: accuracy: 0.484 ; loss: 3.625
2020-10-27 19:42:03,058:INFO:- Train metrics: accuracy: 0.484 ; loss: 3.625
2020-10-27 19:42:03,465:INFO:Epoch 25/30
2020-10-27 19:42:03,918:INFO:- Found new best accuracy
2020-10-27 19:42:03,919:INFO:Epoch 25/30
2020-10-27 19:42:04,509:INFO:- Train metrics: accuracy: 0.477 ; loss: 3.651
2020-10-27 19:42:04,538:INFO:- Train metrics: accuracy: 0.477 ; loss: 3.651
2020-10-27 19:42:04,933:INFO:Epoch 26/30
2020-10-27 19:42:05,011:INFO:Epoch 26/30
2020-10-27 19:42:05,629:INFO:- Train metrics: accuracy: 0.555 ; loss: 3.352
2020-10-27 19:42:05,653:INFO:- Train metrics: accuracy: 0.555 ; loss: 3.352
2020-10-27 19:42:06,061:INFO:Epoch 27/30
2020-10-27 19:42:06,140:INFO:Epoch 27/30
2020-10-27 19:42:06,758:INFO:- Train metrics: accuracy: 0.594 ; loss: 3.249
2020-10-27 19:42:06,777:INFO:- Train metrics: accuracy: 0.594 ; loss: 3.249
2020-10-27 19:42:07,246:INFO:Epoch 28/30
2020-10-27 19:42:07,324:INFO:Epoch 28/30
2020-10-27 19:42:07,957:INFO:- Train metrics: accuracy: 0.562 ; loss: 3.362
2020-10-27 19:42:07,969:INFO:- Train metrics: accuracy: 0.562 ; loss: 3.362
2020-10-27 19:42:08,368:INFO:Epoch 29/30
2020-10-27 19:42:08,436:INFO:Epoch 29/30
2020-10-27 19:42:09,064:INFO:- Train metrics: accuracy: 0.625 ; loss: 3.135
2020-10-27 19:42:09,080:INFO:- Train metrics: accuracy: 0.625 ; loss: 3.135
2020-10-27 19:42:09,472:INFO:Epoch 30/30
2020-10-27 19:42:09,540:INFO:Epoch 30/30
2020-10-27 19:42:10,161:INFO:- Train metrics: accuracy: 0.672 ; loss: 2.999
2020-10-27 19:42:10,182:INFO:- Train metrics: accuracy: 0.672 ; loss: 2.999
